#
# A fatal error has been detected by the Java Runtime Environment:
#
#  EXCEPTION_ACCESS_VIOLATION (0xc0000005) at pc=0x000000005c9fc092, pid=5444, tid=1948
#
# JRE version: Java(TM) SE Runtime Environment (8.0_72-b15) (build 1.8.0_72-b15)
# Java VM: Java HotSpot(TM) 64-Bit Server VM (25.72-b15 mixed mode windows-amd64 compressed oops)
# Problematic frame:
# C  [msvcr100.dll+0x3c092]
#
# Failed to write core dump. Minidumps are not enabled by default on client versions of Windows
#
# If you would like to submit a bug report, please visit:
#   http://bugreport.java.com/bugreport/crash.jsp
#

---------------  T H R E A D  ---------------

Current thread (0x000000000227f800):  GCTaskThread [stack: 0x00000000123b0000,0x00000000124b0000] [id=1948]

siginfo: ExceptionCode=0xc0000005, reading address 0x0000000100000000

Registers:
RAX=0x0000000000000008, RBX=0x00000000fbc861f0, RCX=0x00000000adac6048, RDX=0x0000000052539fa8
RSP=0x00000000124af2f8, RBP=0x0000000005a23a22, RSI=0x00000000022fd7c0, RDI=0x00000000a974c248
R8 =0x0000000028da4110, R9 =0x0000000000000000, R10=0x0000000000000000, R11=0x00000000a974c248
R12=0x0000000011b490a6, R13=0x000000000000000d, R14=0x0000000000000001, R15=0x00000000022793f0
RIP=0x000000005c9fc092, EFLAGS=0x0000000000010202

Top of Stack: (sp=0x00000000124af2f8)
0x00000000124af2f8:   0000000051c85fc3 0000000005a23a22
0x00000000124af308:   0000000005a23a22 00000000022fd7c0
0x00000000124af318:   000000000000000d 0000000000000000
0x00000000124af328:   000000005205b4b6 00000000fbc861f0
0x00000000124af338:   0000000000000003 00000000022fd7c0
0x00000000124af348:   00000000fc3bfd20 00000000fdf60010
0x00000000124af358:   000000005205bb2b 00000000a96ec248
0x00000000124af368:   0000000000000400 0000000000000000
0x00000000124af378:   00000000022fd700 0000000011b490a6
0x00000000124af388:   000000005205b750 00000000a96ed5c0
0x00000000124af398:   0000000011b49103 00000000022fd7c0
0x00000000124af3a8:   00000000a7214e00 00000000a96ed5c0
0x00000000124af3b8:   000000005205c2f5 00000000fbbf9220
0x00000000124af3c8:   0000000011b45d0c 00000000022fd7c0
0x00000000124af3d8:   0000000000000003 00000000022fd7c0
0x00000000124af3e8:   0000000051d4b280 0000000000000000 

Instructions: (pc=0x000000005c9fc092)
0x000000005c9fc072:   75 ec 48 81 e9 00 10 00 00 b8 40 00 00 00 4c 8b
0x000000005c9fc082:   0c 0a 4c 8b 54 0a 08 4c 0f c3 09 4c 0f c3 51 08
0x000000005c9fc092:   4c 8b 4c 0a 10 4c 8b 54 0a 18 4c 0f c3 49 10 4c
0x000000005c9fc0a2:   0f c3 51 18 4c 8b 4c 0a 20 4c 8b 54 0a 28 48 83 


Register to memory mapping:

RAX=0x0000000000000008 is an unknown value
RBX=0x00000000fbc861f0 is an oop

[error occurred during error reporting (printing register info), id 0xc0000005]

Stack: [0x00000000123b0000,0x00000000124b0000],  sp=0x00000000124af2f8,  free space=1020k
Native frames: (J=compiled Java code, j=interpreted, Vv=VM code, C=native code)
C  [msvcr100.dll+0x3c092]
V  [jvm.dll+0x25fc3]
V  [jvm.dll+0x3fb4b6]
V  [jvm.dll+0x3fb750]
V  [jvm.dll+0x3fc2f5]
V  [jvm.dll+0x3ebbaf]
V  [jvm.dll+0x3fe2f2]
V  [jvm.dll+0x3ed37e]
V  [jvm.dll+0x29a27a]
C  [msvcr100.dll+0x21d9f]
C  [msvcr100.dll+0x21e3b]
C  [kernel32.dll+0x15a4d]
C  [ntdll.dll+0x2b831]


---------------  P R O C E S S  ---------------

Java Threads: ( => current thread )
  0x000000001def9800 JavaThread "Cache worker for Java compile cache (D:\ASKtWorkSpace\CodingExc\MovieList\.gradle\5.4.1\javaCompile)" [_thread_blocked, id=7296, stack(0x000000002ac90000,0x000000002ad90000)]
  0x000000001eae5000 JavaThread "Cache worker for Java compile cache (C:\Users\Bhupen\.gradle\caches\5.4.1\javaCompile)" [_thread_blocked, id=5480, stack(0x000000002ae10000,0x000000002af10000)]
  0x000000001eae4000 JavaThread "WorkerExecutor Queue Thread 3" [_thread_blocked, id=7496, stack(0x000000002ab60000,0x000000002ac60000)]
  0x000000001eae3800 JavaThread "RMI TCP Connection(idle)" daemon [_thread_blocked, id=7192, stack(0x000000001c270000,0x000000001c370000)]
  0x000000001eae2000 JavaThread "RMI TCP Connection(idle)" daemon [_thread_blocked, id=2528, stack(0x000000001bd90000,0x000000001be90000)]
  0x000000001eae1000 JavaThread "RMI TCP Connection(idle)" daemon [_thread_blocked, id=6360, stack(0x00000000299d0000,0x0000000029ad0000)]
  0x000000001eae0800 JavaThread "RMI Reaper" [_thread_blocked, id=7956, stack(0x0000000026100000,0x0000000026200000)]
  0x000000001eadf800 JavaThread "RMI TCP Accept-0" daemon [_thread_in_native, id=8116, stack(0x000000002a6a0000,0x000000002a7a0000)]
  0x000000001eadf000 JavaThread "GC Daemon" daemon [_thread_blocked, id=8148, stack(0x000000002a540000,0x000000002a640000)]
  0x000000001d0ea800 JavaThread "RMI Scheduler(0)" daemon [_thread_blocked, id=7724, stack(0x000000002a210000,0x000000002a310000)]
  0x000000001d0ec800 JavaThread "stdout" [_thread_in_native, id=6584, stack(0x0000000029d30000,0x0000000029e30000)]
  0x000000001d0ec000 JavaThread "stderr" [_thread_in_native, id=8072, stack(0x0000000029ad0000,0x0000000029bd0000)]
  0x000000001d0eb000 JavaThread "pool-3-thread-1" [_thread_blocked, id=3900, stack(0x0000000028680000,0x0000000028780000)]
  0x000000001aff3800 JavaThread "WorkerExecutor Queue" [_thread_blocked, id=7096, stack(0x00000000298a0000,0x00000000299a0000)]
  0x000000001d0e9800 JavaThread "Cache worker for execution history cache (D:\ASKtWorkSpace\CodingExc\MovieList\.gradle\5.4.1\executionHistory)" [_thread_blocked, id=7004, stack(0x0000000027390000,0x0000000027490000)]
  0x000000001aff9000 JavaThread "Execution worker for ':' Thread 7" [_thread_blocked, id=2516, stack(0x000000001bb90000,0x000000001bc90000)]
  0x000000001aff8000 JavaThread "Execution worker for ':' Thread 6" [_thread_blocked, id=6840, stack(0x0000000027050000,0x0000000027150000)]
  0x000000001aff7800 JavaThread "Execution worker for ':' Thread 5" [_thread_blocked, id=2956, stack(0x0000000026e60000,0x0000000026f60000)]
  0x000000001aff6800 JavaThread "Execution worker for ':' Thread 4" [_thread_blocked, id=4148, stack(0x0000000026d00000,0x0000000026e00000)]
  0x000000001aff6000 JavaThread "Execution worker for ':' Thread 3" [_thread_blocked, id=8140, stack(0x00000000268f0000,0x00000000269f0000)]
  0x000000001aff5000 JavaThread "Execution worker for ':' Thread 2" [_thread_blocked, id=6004, stack(0x0000000026b80000,0x0000000026c80000)]
  0x000000001aff4800 JavaThread "Execution worker for ':'" [_thread_blocked, id=4560, stack(0x0000000026a50000,0x0000000026b50000)]
  0x000000001a06e800 JavaThread "Cache worker for file content cache (D:\ASKtWorkSpace\CodingExc\MovieList\.gradle\5.4.1\fileContent)" [_thread_blocked, id=7964, stack(0x0000000026490000,0x0000000026590000)]
  0x000000001a070000 JavaThread "Cache worker for file content cache (C:\Users\Bhupen\.gradle\caches\5.4.1\fileContent)" [_thread_blocked, id=4544, stack(0x0000000026390000,0x0000000026490000)]
  0x000000001a06e000 JavaThread "Cache worker for Build Output Cleanup Cache (D:\ASKtWorkSpace\CodingExc\MovieList\.gradle\buildOutputCleanup)" [_thread_blocked, id=7884, stack(0x0000000026200000,0x0000000026300000)]
  0x000000001a069800 JavaThread "pool-2-thread-1" [_thread_blocked, id=5012, stack(0x0000000024320000,0x0000000024420000)]
  0x000000001a071800 JavaThread "Build operations Thread 8" [_thread_blocked, id=6540, stack(0x0000000025fd0000,0x00000000260d0000)]
  0x000000001a072800 JavaThread "Build operations Thread 7" [_thread_blocked, id=6544, stack(0x0000000024650000,0x0000000024750000)]
  0x000000001a074000 JavaThread "Build operations Thread 6" [_thread_blocked, id=5276, stack(0x0000000025960000,0x0000000025a60000)]
  0x000000001a071000 JavaThread "Build operations Thread 5" [_thread_blocked, id=5080, stack(0x0000000025bb0000,0x0000000025cb0000)]
  0x000000001a074800 JavaThread "Build operations Thread 4" [_thread_blocked, id=7488, stack(0x0000000023a60000,0x0000000023b60000)]
  0x000000001a073000 JavaThread "Build operations Thread 3" [_thread_blocked, id=3300, stack(0x0000000023d80000,0x0000000023e80000)]
  0x000000001d93d000 JavaThread "Build operations Thread 2" [_thread_blocked, id=4264, stack(0x0000000023ba0000,0x0000000023ca0000)]
  0x000000001d93a000 JavaThread "Build operations" [_thread_blocked, id=1664, stack(0x0000000023860000,0x0000000023960000)]
  0x000000001d937800 JavaThread "Cache worker for cache directory md-rule (C:\Users\Bhupen\.gradle\caches\5.4.1\md-rule)" [_thread_blocked, id=5048, stack(0x00000000218f0000,0x00000000219f0000)]
  0x000000001d937000 JavaThread "Cache worker for cache directory md-supplier (C:\Users\Bhupen\.gradle\caches\5.4.1\md-supplier)" [_thread_blocked, id=7508, stack(0x0000000023960000,0x0000000023a60000)]
  0x000000001d93a800 JavaThread "Cache worker for file hash cache (D:\ASKtWorkSpace\CodingExc\MovieList\.gradle\5.4.1\fileHashes)" [_thread_blocked, id=7624, stack(0x0000000023730000,0x0000000023830000)]
  0x000000001d939000 JavaThread "Thread-40" [_thread_blocked, id=4592, stack(0x00000000235a0000,0x00000000236a0000)]
  0x000000001d938800 JavaThread "Asynchronous log dispatcher for DefaultDaemonConnection: socket connection from /127.0.0.1:51965 to /127.0.0.1:54957" [_thread_blocked, id=7468, stack(0x0000000022c70000,0x0000000022d70000)]
  0x000000001d930000 JavaThread "Daemon worker Thread 2" [_thread_blocked, id=7680, stack(0x0000000021580000,0x0000000021680000)]
  0x000000001d93c000 JavaThread "Cancel handler" [_thread_blocked, id=516, stack(0x000000001eb60000,0x000000001ec60000)]
  0x000000001d92e800 JavaThread "Handler for socket connection from /127.0.0.1:51965 to /127.0.0.1:54957" [_thread_in_native, id=8020, stack(0x000000001bea0000,0x000000001bfa0000)]
  0x000000001d92e000 JavaThread "Daemon Thread 2" [_thread_blocked, id=1644, stack(0x000000001ba90000,0x000000001bb90000)]
  0x000000001d931800 JavaThread "Memory manager" [_thread_blocked, id=4180, stack(0x000000001c3a0000,0x000000001c4a0000)]
  0x000000001a06f800 JavaThread "Cache worker for execution history cache (C:\Users\Bhupen\.gradle\caches\5.4.1\executionHistory)" [_thread_blocked, id=4916, stack(0x0000000022dd0000,0x0000000022ed0000)]
  0x000000001a068800 JavaThread "Cache worker for journal cache (C:\Users\Bhupen\.gradle\caches\journal-1)" [_thread_blocked, id=3836, stack(0x000000001c860000,0x000000001c960000)]
  0x000000001a068000 JavaThread "File lock request listener" [_thread_in_native, id=6920, stack(0x000000001c740000,0x000000001c840000)]
  0x000000001a067000 JavaThread "Cache worker for file hash cache (C:\Users\Bhupen\.gradle\caches\5.4.1\fileHashes)" [_thread_blocked, id=1364, stack(0x000000001b8a0000,0x000000001b9a0000)]
  0x000000001ad2f800 JavaThread "Daemon periodic checks" [_thread_blocked, id=5692, stack(0x000000001b770000,0x000000001b870000)]
  0x000000001aa4e000 JavaThread "Incoming local TCP Connector on port 51965" [_thread_in_native, id=4460, stack(0x000000001b580000,0x000000001b680000)]
  0x000000001ab9e000 JavaThread "Daemon health stats" [_thread_blocked, id=6200, stack(0x000000001b240000,0x000000001b340000)]
  0x0000000017a38800 JavaThread "Service Thread" daemon [_thread_blocked, id=4088, stack(0x0000000019640000,0x0000000019740000)]
  0x00000000179ab000 JavaThread "C1 CompilerThread3" daemon [_thread_blocked, id=3784, stack(0x0000000018e90000,0x0000000018f90000)]
  0x00000000179a2000 JavaThread "C2 CompilerThread2" daemon [_thread_blocked, id=4312, stack(0x00000000193b0000,0x00000000194b0000)]
  0x000000001799b000 JavaThread "C2 CompilerThread1" daemon [_thread_blocked, id=5816, stack(0x00000000191a0000,0x00000000192a0000)]
  0x000000001798e000 JavaThread "C2 CompilerThread0" daemon [_thread_in_native, id=5592, stack(0x0000000018fc0000,0x00000000190c0000)]
  0x000000001798c800 JavaThread "Attach Listener" daemon [_thread_blocked, id=1224, stack(0x0000000018c70000,0x0000000018d70000)]
  0x000000001798b800 JavaThread "Signal Dispatcher" daemon [_thread_blocked, id=5412, stack(0x0000000018d80000,0x0000000018e80000)]
  0x00000000169ed000 JavaThread "Finalizer" daemon [_thread_blocked, id=4692, stack(0x0000000018b50000,0x0000000018c50000)]
  0x00000000169e6800 JavaThread "Reference Handler" daemon [_thread_blocked, id=6536, stack(0x0000000018a20000,0x0000000018b20000)]
  0x00000000021fe000 JavaThread "main" [_thread_blocked, id=1148, stack(0x0000000002380000,0x0000000002480000)]

Other Threads:
  0x0000000017940800 VMThread [stack: 0x00000000188b0000,0x00000000189b0000] [id=5852]
  0x0000000017a3d800 WatcherThread [stack: 0x00000000197e0000,0x00000000198e0000] [id=4108]

=>0x000000000227f800 (exited) GCTaskThread [stack: 0x00000000123b0000,0x00000000124b0000] [id=1948]

VM state:at safepoint (normal execution)

VM Mutex/Monitor currently owned by a thread:  ([mutex/lock_event])
[0x00000000021fc280] Threads_lock - owner thread: 0x0000000017940800
[0x00000000021fc780] Heap_lock - owner thread: 0x000000001d930000

Heap:
 PSYoungGen      total 487424K, used 475055K [0x00000000e0000000, 0x0000000100000000, 0x0000000100000000)
  eden space 453632K, 100% used [0x00000000e0000000,0x00000000fbb00000,0x00000000fbb00000)
  from space 33792K, 63% used [0x00000000fbb00000,0x00000000fcfebdf8,0x00000000fdc00000)
  to   space 34304K, 37% used [0x00000000fde80000,0x00000000feae73b0,0x0000000100000000)
 ParOldGen       total 995328K, used 909764K [0x00000000a0000000, 0x00000000dcc00000, 0x00000000e0000000)
  object space 995328K, 91% used [0x00000000a0000000,0x00000000d7871210,0x00000000dcc00000)
 Metaspace       used 95643K, capacity 98670K, committed 99968K, reserved 1136640K
  class space    used 12442K, capacity 13086K, committed 13440K, reserved 1048576K

Card table byte_map: [0x0000000011b10000,0x0000000011e20000] byte_map_base: 0x0000000011610000

Marking Bits: (ParMarkBitMap*) 0x0000000052470600
 Begin Bits: [0x0000000012d00000, 0x0000000014500000)
 End Bits:   [0x0000000014500000, 0x0000000015d00000)

Polling page: 0x0000000000430000

CodeCache: size=245760Kb used=60829Kb max_used=61413Kb free=184930Kb
 bounds [0x0000000002750000, 0x00000000063a0000, 0x0000000011750000]
 total_blobs=17498 nmethods=16595 adapters=810
 compilation: enabled

Compilation events (10 events):
Event: 8370.842 Thread 0x00000000179ab000 20784       3       com.android.tools.r8.ir.optimize.CodeRewriter$b::a (155 bytes)
Event: 8370.846 Thread 0x00000000179ab000 nmethod 20784 0x000000000584d910 code [0x000000000584dd80, 0x0000000005851068]
Event: 8370.906 Thread 0x00000000179ab000 20786 %     3       com.android.tools.r8.ir.code.BasicBlock::i @ 4 (38 bytes)
Event: 8370.908 Thread 0x00000000179ab000 nmethod 20786% 0x000000000306c3d0 code [0x000000000306c5e0, 0x000000000306ce18]
Event: 8370.937 Thread 0x00000000179ab000 20789       2       com.android.tools.r8.ir.optimize.CodeRewriter$$Lambda$935/1653298632::accept (14 bytes)
Event: 8370.938 Thread 0x00000000179ab000 nmethod 20789 0x0000000004d004d0 code [0x0000000004d00640, 0x0000000004d007e8]
Event: 8370.950 Thread 0x00000000179ab000 20790 %     3       com.android.tools.r8.ir.code.Instruction::g0 @ 16 (51 bytes)
Event: 8370.951 Thread 0x00000000179ab000 nmethod 20790% 0x0000000004831e10 code [0x0000000004831fe0, 0x0000000004832728]
Event: 8370.981 Thread 0x00000000179ab000 20791       3       com.android.tools.r8.ir.code.BasicBlock::i (38 bytes)
Event: 8370.982 Thread 0x00000000179ab000 nmethod 20791 0x0000000004389d50 code [0x0000000004389f60, 0x000000000438a758]

GC Heap History (10 events):
Event: 8365.669 GC heap after
Heap after GC invocations=36 (full 5):
 PSYoungGen      total 423424K, used 13573K [0x00000000e0000000, 0x00000000ffe00000, 0x0000000100000000)
  eden space 386048K, 0% used [0x00000000e0000000,0x00000000e0000000,0x00000000f7900000)
  from space 37376K, 36% used [0x00000000f7900000,0x00000000f8641768,0x00000000f9d80000)
  to   space 36352K, 0% used [0x00000000fda80000,0x00000000fda80000,0x00000000ffe00000)
 ParOldGen       total 256512K, used 118512K [0x00000000a0000000, 0x00000000afa80000, 0x00000000e0000000)
  object space 256512K, 46% used [0x00000000a0000000,0x00000000a73bc3a8,0x00000000afa80000)
 Metaspace       used 95266K, capacity 98282K, committed 99712K, reserved 1136640K
  class space    used 12419K, capacity 13050K, committed 13440K, reserved 1048576K
}
Event: 8366.541 GC heap before
{Heap before GC invocations=37 (full 5):
 PSYoungGen      total 423424K, used 399621K [0x00000000e0000000, 0x00000000ffe00000, 0x0000000100000000)
  eden space 386048K, 100% used [0x00000000e0000000,0x00000000f7900000,0x00000000f7900000)
  from space 37376K, 36% used [0x00000000f7900000,0x00000000f8641768,0x00000000f9d80000)
  to   space 36352K, 0% used [0x00000000fda80000,0x00000000fda80000,0x00000000ffe00000)
 ParOldGen       total 256512K, used 118512K [0x00000000a0000000, 0x00000000afa80000, 0x00000000e0000000)
  object space 256512K, 46% used [0x00000000a0000000,0x00000000a73bc3a8,0x00000000afa80000)
 Metaspace       used 95476K, capacity 98526K, committed 99968K, reserved 1136640K
  class space    used 12440K, capacity 13086K, committed 13440K, reserved 1048576K
Event: 8366.578 GC heap after
Heap after GC invocations=37 (full 5):
 PSYoungGen      total 485888K, used 15538K [0x00000000e0000000, 0x00000000ffd00000, 0x0000000100000000)
  eden space 450560K, 0% used [0x00000000e0000000,0x00000000e0000000,0x00000000fb800000)
  from space 35328K, 43% used [0x00000000fda80000,0x00000000fe9aca40,0x00000000ffd00000)
  to   space 35328K, 0% used [0x00000000fb800000,0x00000000fb800000,0x00000000fda80000)
 ParOldGen       total 256512K, used 129172K [0x00000000a0000000, 0x00000000afa80000, 0x00000000e0000000)
  object space 256512K, 50% used [0x00000000a0000000,0x00000000a7e250e8,0x00000000afa80000)
 Metaspace       used 95476K, capacity 98526K, committed 99968K, reserved 1136640K
  class space    used 12440K, capacity 13086K, committed 13440K, reserved 1048576K
}
Event: 8367.689 GC heap before
{Heap before GC invocations=38 (full 5):
 PSYoungGen      total 485888K, used 466098K [0x00000000e0000000, 0x00000000ffd00000, 0x0000000100000000)
  eden space 450560K, 100% used [0x00000000e0000000,0x00000000fb800000,0x00000000fb800000)
  from space 35328K, 43% used [0x00000000fda80000,0x00000000fe9aca40,0x00000000ffd00000)
  to   space 35328K, 0% used [0x00000000fb800000,0x00000000fb800000,0x00000000fda80000)
 ParOldGen       total 256512K, used 129172K [0x00000000a0000000, 0x00000000afa80000, 0x00000000e0000000)
  object space 256512K, 50% used [0x00000000a0000000,0x00000000a7e250e8,0x00000000afa80000)
 Metaspace       used 95596K, capacity 98598K, committed 99968K, reserved 1136640K
  class space    used 12441K, capacity 13086K, committed 13440K, reserved 1048576K
Event: 8367.761 GC heap after
Heap after GC invocations=38 (full 5):
 PSYoungGen      total 485888K, used 7500K [0x00000000e0000000, 0x0000000100000000, 0x0000000100000000)
  eden space 450560K, 0% used [0x00000000e0000000,0x00000000e0000000,0x00000000fb800000)
  from space 35328K, 21% used [0x00000000fb800000,0x00000000fbf532d0,0x00000000fda80000)
  to   space 35328K, 0% used [0x00000000fdd80000,0x00000000fdd80000,0x0000000100000000)
 ParOldGen       total 256512K, used 140649K [0x00000000a0000000, 0x00000000afa80000, 0x00000000e0000000)
  object space 256512K, 54% used [0x00000000a0000000,0x00000000a895a5e8,0x00000000afa80000)
 Metaspace       used 95596K, capacity 98598K, committed 99968K, reserved 1136640K
  class space    used 12441K, capacity 13086K, committed 13440K, reserved 1048576K
}
Event: 8368.691 GC heap before
{Heap before GC invocations=39 (full 5):
 PSYoungGen      total 485888K, used 458060K [0x00000000e0000000, 0x0000000100000000, 0x0000000100000000)
  eden space 450560K, 100% used [0x00000000e0000000,0x00000000fb800000,0x00000000fb800000)
  from space 35328K, 21% used [0x00000000fb800000,0x00000000fbf532d0,0x00000000fda80000)
  to   space 35328K, 0% used [0x00000000fdd80000,0x00000000fdd80000,0x0000000100000000)
 ParOldGen       total 256512K, used 140649K [0x00000000a0000000, 0x00000000afa80000, 0x00000000e0000000)
  object space 256512K, 54% used [0x00000000a0000000,0x00000000a895a5e8,0x00000000afa80000)
 Metaspace       used 95613K, capacity 98598K, committed 99968K, reserved 1136640K
  class space    used 12442K, capacity 13086K, committed 13440K, reserved 1048576K
Event: 8368.747 GC heap after
Heap after GC invocations=39 (full 5):
 PSYoungGen      total 485888K, used 13244K [0x00000000e0000000, 0x00000000ffd00000, 0x0000000100000000)
  eden space 453632K, 0% used [0x00000000e0000000,0x00000000e0000000,0x00000000fbb00000)
  from space 32256K, 41% used [0x00000000fdd80000,0x00000000fea6f168,0x00000000ffd00000)
  to   space 33792K, 0% used [0x00000000fbb00000,0x00000000fbb00000,0x00000000fdc00000)
 ParOldGen       total 256512K, used 146027K [0x00000000a0000000, 0x00000000afa80000, 0x00000000e0000000)
  object space 256512K, 56% used [0x00000000a0000000,0x00000000a8e9aff8,0x00000000afa80000)
 Metaspace       used 95613K, capacity 98598K, committed 99968K, reserved 1136640K
  class space    used 12442K, capacity 13086K, committed 13440K, reserved 1048576K
}
Event: 8369.724 GC heap before
{Heap before GC invocations=40 (full 5):
 PSYoungGen      total 485888K, used 466876K [0x00000000e0000000, 0x00000000ffd00000, 0x0000000100000000)
  eden space 453632K, 100% used [0x00000000e0000000,0x00000000fbb00000,0x00000000fbb00000)
  from space 32256K, 41% used [0x00000000fdd80000,0x00000000fea6f168,0x00000000ffd00000)
  to   space 33792K, 0% used [0x00000000fbb00000,0x00000000fbb00000,0x00000000fdc00000)
 ParOldGen       total 256512K, used 146027K [0x00000000a0000000, 0x00000000afa80000, 0x00000000e0000000)
  object space 256512K, 56% used [0x00000000a0000000,0x00000000a8e9aff8,0x00000000afa80000)
 Metaspace       used 95628K, capacity 98666K, committed 99968K, reserved 1136640K
  class space    used 12442K, capacity 13086K, committed 13440K, reserved 1048576K
Event: 8369.781 GC heap after
Heap after GC invocations=40 (full 5):
 PSYoungGen      total 487424K, used 21423K [0x00000000e0000000, 0x0000000100000000, 0x0000000100000000)
  eden space 453632K, 0% used [0x00000000e0000000,0x00000000e0000000,0x00000000fbb00000)
  from space 33792K, 63% used [0x00000000fbb00000,0x00000000fcfebdf8,0x00000000fdc00000)
  to   space 34304K, 0% used [0x00000000fde80000,0x00000000fde80000,0x0000000100000000)
 ParOldGen       total 256512K, used 153667K [0x00000000a0000000, 0x00000000afa80000, 0x00000000e0000000)
  object space 256512K, 59% used [0x00000000a0000000,0x00000000a9610dc0,0x00000000afa80000)
 Metaspace       used 95628K, capacity 98666K, committed 99968K, reserved 1136640K
  class space    used 12442K, capacity 13086K, committed 13440K, reserved 1048576K
}
Event: 8370.984 GC heap before
{Heap before GC invocations=41 (full 5):
 PSYoungGen      total 487424K, used 475055K [0x00000000e0000000, 0x0000000100000000, 0x0000000100000000)
  eden space 453632K, 100% used [0x00000000e0000000,0x00000000fbb00000,0x00000000fbb00000)
  from space 33792K, 63% used [0x00000000fbb00000,0x00000000fcfebdf8,0x00000000fdc00000)
  to   space 34304K, 0% used [0x00000000fde80000,0x00000000fde80000,0x0000000100000000)
 ParOldGen       total 256512K, used 153667K [0x00000000a0000000, 0x00000000afa80000, 0x00000000e0000000)
  object space 256512K, 59% used [0x00000000a0000000,0x00000000a9610dc0,0x00000000afa80000)
 Metaspace       used 95643K, capacity 98670K, committed 99968K, reserved 1136640K
  class space    used 12442K, capacity 13086K, committed 13440K, reserved 1048576K

Deoptimization events (10 events):
Event: 8365.777 Thread 0x000000001aff6000 Uncommon trap: reason=bimorphic action=maybe_recompile pc=0x0000000006123f8c method=com.android.tools.r8.ir.code.k0.a(Lcom/android/tools/r8/ir/analysis/type/TypeLatticeElement;)Lcom/android/tools/r8/ir/code/k0; @ 29
Event: 8367.023 Thread 0x000000001aff8000 Uncommon trap: reason=unstable_if action=reinterpret pc=0x0000000006191248 method=com.android.tools.r8.ir.conversion.V.a(Lcom/android/tools/r8/t/a/a/B;Lcom/android/tools/r8/t/a/a/B;)Z @ 225
Event: 8367.609 Thread 0x000000001aff6000 Uncommon trap: reason=class_check action=maybe_recompile pc=0x00000000061fe4b8 method=com.android.tools.r8.ir.conversion.U.a(Lcom/android/tools/r8/ir/conversion/T;)Z @ 4
Event: 8367.609 Thread 0x000000001aff6000 Uncommon trap: reason=class_check action=maybe_recompile pc=0x00000000061fe4b8 method=com.android.tools.r8.ir.conversion.U.a(Lcom/android/tools/r8/ir/conversion/T;)Z @ 4
Event: 8367.610 Thread 0x000000001aff6000 Uncommon trap: reason=class_check action=maybe_recompile pc=0x00000000061fe4b8 method=com.android.tools.r8.ir.conversion.U.a(Lcom/android/tools/r8/ir/conversion/T;)Z @ 4
Event: 8367.610 Thread 0x000000001aff6000 Uncommon trap: reason=class_check action=maybe_recompile pc=0x00000000061fe4b8 method=com.android.tools.r8.ir.conversion.U.a(Lcom/android/tools/r8/ir/conversion/T;)Z @ 4
Event: 8367.647 Thread 0x000000001aff6000 Uncommon trap: reason=class_check action=maybe_recompile pc=0x00000000060e36e4 method=com.android.tools.r8.ir.analysis.g.e.b(Lcom/android/tools/r8/ir/code/Instruction;)V @ 241
Event: 8367.775 Thread 0x000000001aff8000 Uncommon trap: reason=class_check action=maybe_recompile pc=0x00000000060e36e4 method=com.android.tools.r8.ir.analysis.g.e.b(Lcom/android/tools/r8/ir/code/Instruction;)V @ 241
Event: 8370.275 Thread 0x000000001aff9000 Uncommon trap: reason=unstable_if action=reinterpret pc=0x0000000003d2b85c method=java.util.concurrent.ConcurrentHashMap.computeIfAbsent(Ljava/lang/Object;Ljava/util/function/Function;)Ljava/lang/Object; @ 456
Event: 8370.514 Thread 0x000000001aff4800 Uncommon trap: reason=unstable_if action=reinterpret pc=0x0000000004ca02e0 method=com.android.tools.r8.dex.DexOutputBuffer.j(I)V @ 8

Internal exceptions (10 events):
Event: 8368.442 Thread 0x000000001aff7800 Exception <a 'sun/nio/fs/WindowsException'> (0x00000000f21d8fd8) thrown at [C:\re\workspace\8-2-build-windows-amd64-cygwin\jdk8u72\5732\hotspot\src\share\vm\prims\jni.cpp, line 709]
Event: 8368.582 Thread 0x000000001d930000 Exception <a 'sun/nio/fs/WindowsException'> (0x00000000f6e131c0) thrown at [C:\re\workspace\8-2-build-windows-amd64-cygwin\jdk8u72\5732\hotspot\src\share\vm\prims\jni.cpp, line 709]
Event: 8368.757 Thread 0x000000001aff6800 Exception <a 'sun/nio/fs/WindowsException'> (0x00000000e082cc68) thrown at [C:\re\workspace\8-2-build-windows-amd64-cygwin\jdk8u72\5732\hotspot\src\share\vm\prims\jni.cpp, line 709]
Event: 8368.860 Thread 0x000000001aff5000 Exception <a 'sun/nio/fs/WindowsException'> (0x00000000e38d9e68) thrown at [C:\re\workspace\8-2-build-windows-amd64-cygwin\jdk8u72\5732\hotspot\src\share\vm\prims\jni.cpp, line 709]
Event: 8369.146 Thread 0x000000001aff7800 Exception <a 'sun/nio/fs/WindowsException'> (0x00000000ebaeba38) thrown at [C:\re\workspace\8-2-build-windows-amd64-cygwin\jdk8u72\5732\hotspot\src\share\vm\prims\jni.cpp, line 709]
Event: 8369.183 Thread 0x000000001d930000 Exception <a 'sun/nio/fs/WindowsException'> (0x00000000ecaff0a0) thrown at [C:\re\workspace\8-2-build-windows-amd64-cygwin\jdk8u72\5732\hotspot\src\share\vm\prims\jni.cpp, line 709]
Event: 8369.709 Thread 0x000000001aff9000 Exception <a 'sun/nio/fs/WindowsException'> (0x00000000fb1fecd0) thrown at [C:\re\workspace\8-2-build-windows-amd64-cygwin\jdk8u72\5732\hotspot\src\share\vm\prims\jni.cpp, line 709]
Event: 8369.805 Thread 0x000000001aff7800 Exception <a 'sun/nio/fs/WindowsException'> (0x00000000e00da628) thrown at [C:\re\workspace\8-2-build-windows-amd64-cygwin\jdk8u72\5732\hotspot\src\share\vm\prims\jni.cpp, line 709]
Event: 8370.561 Thread 0x000000001aff4800 Exception <a 'sun/nio/fs/WindowsException'> (0x00000000f056f008) thrown at [C:\re\workspace\8-2-build-windows-amd64-cygwin\jdk8u72\5732\hotspot\src\share\vm\prims\jni.cpp, line 709]
Event: 8370.672 Thread 0x000000001d930000 Exception <a 'sun/nio/fs/WindowsException'> (0x00000000f3cfb970) thrown at [C:\re\workspace\8-2-build-windows-amd64-cygwin\jdk8u72\5732\hotspot\src\share\vm\prims\jni.cpp, line 709]

Events (10 events):
Event: 8370.857 Thread 0x000000001aff6000 DEOPT UNPACKING pc=0x000000000279787f sp=0x00000000269eb380 mode 0
Event: 8370.864 Thread 0x000000001aff6000 DEOPT PACKING pc=0x00000000056efedc sp=0x00000000269eb650
Event: 8370.864 Thread 0x000000001aff6000 DEOPT UNPACKING pc=0x000000000279787f sp=0x00000000269eb438 mode 0
Event: 8370.898 Thread 0x000000001aff6000 DEOPT PACKING pc=0x00000000056efedc sp=0x00000000269eb650
Event: 8370.898 Thread 0x000000001aff6000 DEOPT UNPACKING pc=0x000000000279787f sp=0x00000000269eb438 mode 0
Event: 8370.960 Thread 0x000000001aff8000 DEOPT PACKING pc=0x000000000617e757 sp=0x000000002714b1c0
Event: 8370.960 Thread 0x000000001aff8000 DEOPT UNPACKING pc=0x000000000279787f sp=0x000000002714b0e8 mode 0
Event: 8370.967 Thread 0x000000001aff8000 DEOPT PACKING pc=0x00000000056efedc sp=0x000000002714b3b0
Event: 8370.967 Thread 0x000000001aff8000 DEOPT UNPACKING pc=0x000000000279787f sp=0x000000002714b198 mode 0
Event: 8370.984 Executing VM operation: ParallelGCFailedAllocation


Dynamic libraries:
0x000000013f940000 - 0x000000013f977000 	C:\Program Files\Java\jdk1.8.0_72\bin\java.exe
0x0000000076df0000 - 0x0000000076f99000 	C:\Windows\SYSTEM32\ntdll.dll
0x0000000076bd0000 - 0x0000000076cf0000 	C:\Windows\system32\kernel32.dll
0x000007fefcb90000 - 0x000007fefcbfc000 	C:\Windows\system32\KERNELBASE.dll
0x000007fefcf70000 - 0x000007fefd04b000 	C:\Windows\system32\ADVAPI32.dll
0x000007fefdc50000 - 0x000007fefdcef000 	C:\Windows\system32\msvcrt.dll
0x000007fefd460000 - 0x000007fefd47f000 	C:\Windows\SYSTEM32\sechost.dll
0x000007fefed40000 - 0x000007fefee6d000 	C:\Windows\system32\RPCRT4.dll
0x0000000076cf0000 - 0x0000000076dea000 	C:\Windows\system32\USER32.dll
0x000007fefd9d0000 - 0x000007fefda37000 	C:\Windows\system32\GDI32.dll
0x000007fefd050000 - 0x000007fefd05e000 	C:\Windows\system32\LPK.dll
0x000007fefd900000 - 0x000007fefd9ca000 	C:\Windows\system32\USP10.dll
0x000007fefb720000 - 0x000007fefb914000 	C:\Windows\WinSxS\amd64_microsoft.windows.common-controls_6595b64144ccf1df_6.0.7601.18837_none_fa3b1e3d17594757\COMCTL32.dll
0x000007fefdcf0000 - 0x000007fefdd61000 	C:\Windows\system32\SHLWAPI.dll
0x000007fefcf40000 - 0x000007fefcf6e000 	C:\Windows\system32\IMM32.DLL
0x000007fefd6b0000 - 0x000007fefd7b9000 	C:\Windows\system32\MSCTF.dll
0x000000005c9c0000 - 0x000000005ca92000 	C:\Program Files\Java\jdk1.8.0_72\jre\bin\msvcr100.dll
0x0000000051c60000 - 0x00000000524f0000 	C:\Program Files\Java\jdk1.8.0_72\jre\bin\server\jvm.dll
0x000007fef7970000 - 0x000007fef7979000 	C:\Windows\system32\WSOCK32.dll
0x000007fefd060000 - 0x000007fefd0ad000 	C:\Windows\system32\WS2_32.dll
0x000007fefcf30000 - 0x000007fefcf38000 	C:\Windows\system32\NSI.dll
0x000007fefa5c0000 - 0x000007fefa5fb000 	C:\Windows\system32\WINMM.dll
0x000007fefbc10000 - 0x000007fefbc1c000 	C:\Windows\system32\VERSION.dll
0x0000000076fb0000 - 0x0000000076fb7000 	C:\Windows\system32\PSAPI.DLL
0x0000000063a20000 - 0x0000000063a2f000 	C:\Program Files\Java\jdk1.8.0_72\jre\bin\verify.dll
0x00000000639f0000 - 0x0000000063a19000 	C:\Program Files\Java\jdk1.8.0_72\jre\bin\java.dll
0x00000000639d0000 - 0x00000000639e6000 	C:\Program Files\Java\jdk1.8.0_72\jre\bin\zip.dll
0x000007fefdfb0000 - 0x000007fefed39000 	C:\Windows\system32\SHELL32.dll
0x000007fefda40000 - 0x000007fefdc43000 	C:\Windows\system32\ole32.dll
0x000007fefcb70000 - 0x000007fefcb7f000 	C:\Windows\system32\profapi.dll
0x0000000060340000 - 0x000000006035a000 	C:\Program Files\Java\jdk1.8.0_72\jre\bin\net.dll
0x000007fefc350000 - 0x000007fefc3a5000 	C:\Windows\system32\mswsock.dll
0x000007fefc340000 - 0x000007fefc347000 	C:\Windows\System32\wship6.dll
0x0000000060320000 - 0x0000000060331000 	C:\Program Files\Java\jdk1.8.0_72\jre\bin\nio.dll
0x000007fefab20000 - 0x000007fefab46000 	C:\Users\Bhupen\.gradle\native\29\windows-amd64\native-platform.dll
0x000007fef7230000 - 0x000007fef7233000 	C:\Windows\system32\api-ms-win-core-synch-l1-2-0.DLL
0x000000006a440000 - 0x000000006a44d000 	C:\Program Files\Java\jdk1.8.0_72\jre\bin\management.dll
0x000007fefc3b0000 - 0x000007fefc3c8000 	C:\Windows\system32\CRYPTSP.dll
0x000007fefc0b0000 - 0x000007fefc0f7000 	C:\Windows\system32\rsaenh.dll
0x000007fefcca0000 - 0x000007fefccbe000 	C:\Windows\system32\USERENV.dll
0x000007fefca10000 - 0x000007fefca1f000 	C:\Windows\system32\CRYPTBASE.dll
0x000007fef9970000 - 0x000007fef9997000 	C:\Windows\system32\IPHLPAPI.DLL
0x000007fef9dc0000 - 0x000007fef9dcb000 	C:\Windows\system32\WINNSI.DLL
0x000007fef9720000 - 0x000007fef9738000 	C:\Windows\system32\dhcpcsvc.DLL
0x000007fef9700000 - 0x000007fef9711000 	C:\Windows\system32\dhcpcsvc6.DLL
0x00000000602f0000 - 0x0000000060314000 	C:\Program Files\Java\jdk1.8.0_72\jre\bin\sunec.dll
0x000007fefbd30000 - 0x000007fefbd37000 	C:\Windows\System32\wshtcpip.dll
0x000007fefc1d0000 - 0x000007fefc22b000 	C:\Windows\system32\DNSAPI.dll
0x000007fef79c0000 - 0x000007fef79c8000 	C:\Windows\system32\rasadhlp.dll
0x000007fef9810000 - 0x000007fef9863000 	C:\Windows\System32\fwpuclnt.dll
0x000007fefa530000 - 0x000007fefa545000 	C:\Windows\system32\NLAapi.dll
0x000007fef75a0000 - 0x000007fef75b5000 	C:\Windows\system32\napinsp.dll
0x000007fef7580000 - 0x000007fef7599000 	C:\Windows\system32\pnrpnsp.dll
0x000007fef7570000 - 0x000007fef757b000 	C:\Windows\System32\winrnr.dll
0x000007fef7560000 - 0x000007fef7570000 	C:\Windows\system32\wshbth.dll
0x000007fefc9b0000 - 0x000007fefca07000 	C:\Windows\system32\apphelp.dll
0x000007fefae20000 - 0x000007fefae3e000 	C:\Users\Bhupen\AppData\Local\Temp\native-platform807415823079567344dir\native-platform.dll
0x000007fef7380000 - 0x000007fef74a5000 	C:\Windows\system32\dbghelp.dll

VM Arguments:
jvm_args: -Xmx1536m -Dfile.encoding=windows-1252 -Duser.country=GB -Duser.language=en -Duser.variant 
java_command: org.gradle.launcher.daemon.bootstrap.GradleDaemon 5.4.1
java_class_path (initial): C:\Users\Bhupen\.gradle\wrapper\dists\gradle-5.4.1-all\3221gyojl5jsh0helicew7rwx\gradle-5.4.1\lib\gradle-launcher-5.4.1.jar
Launcher Type: SUN_STANDARD

Environment Variables:
JAVA_HOME=C:\Program Files\Java\jdk1.8.0_72
PATH=C:\Program Files (x86)\Common Files\Oracle\Java\javapath;C:\Windows\system32;C:\Windows;C:\Windows\System32\Wbem;C:\Windows\System32\WindowsPowerShell\v1.0\;C:\Program Files (x86)\QuickTime\QTSystem\;D:\Utils\phraseappCli\;C:\IdeaUltimate\bin;C:\Program Files (x86)\GtkSharp\2.12\bin;C:\Program Files\dotnet\;C:\Users\Bhupen\AppData\Local\Chromium\Application;C:\ProgramData\Oracle\Java\javapath;C:\Windows\system32;C:\Windows;C:\Windows\System32\Wbem;C:\Windows\System32\WindowsPowerShell\v1.0\;C:\Program Files (x86)\Skype\Phone\;C:\Program Files (x86)\QuickTime\QTSystem\
USERNAME=Bhupen
OS=Windows_NT
PROCESSOR_IDENTIFIER=Intel64 Family 6 Model 42 Stepping 7, GenuineIntel



---------------  S Y S T E M  ---------------

OS: Windows 7 , 64 bit Build 7601 (6.1.7601.19045)

CPU:total 8 (4 cores per cpu, 2 threads per core) family 6 model 42 stepping 7, cmov, cx8, fxsr, mmx, sse, sse2, sse3, ssse3, sse4.1, sse4.2, popcnt, avx, aes, clmul, ht, tsc, tscinvbit

Memory: 4k page, physical 8335216k(1248940k free), swap 16668596k(8210384k free)

vm_info: Java HotSpot(TM) 64-Bit Server VM (25.72-b15) for windows-amd64 JRE (1.8.0_72-b15), built on Dec 22 2015 19:16:16 by "java_re" with MS VC++ 10.0 (VS2010)

time: Wed Nov 06 11:39:38 2019
elapsed time: 8371 seconds (0d 2h 19m 31s)

